2023-06-07 00:57:22.544  INFO 18880 --- [  restartedMain] c.e.d.FastfoodUpApplication              : Starting FastfoodUpApplication using Java 11.0.2 on USER with PID 18880 (D:\Project\fastfood_v2\target\classes started by Administrator in D:\Project\fastfood_v2)
2023-06-07 00:57:22.594  INFO 18880 --- [  restartedMain] c.e.d.FastfoodUpApplication              : The following profiles are active: rds,oauth
2023-06-07 00:57:22.728  INFO 18880 --- [  restartedMain] .e.DevToolsPropertyDefaultsPostProcessor : Devtools property defaults active! Set 'spring.devtools.add-properties' to 'false' to disable
2023-06-07 00:57:22.732  INFO 18880 --- [  restartedMain] .e.DevToolsPropertyDefaultsPostProcessor : For additional web related logging consider setting the 'logging.level.web' property to 'DEBUG'
2023-06-07 00:57:24.259  INFO 18880 --- [  restartedMain] .s.d.r.c.RepositoryConfigurationDelegate : Bootstrapping Spring Data JPA repositories in DEFAULT mode.
2023-06-07 00:57:24.388  INFO 18880 --- [  restartedMain] .s.d.r.c.RepositoryConfigurationDelegate : Finished Spring Data repository scanning in 120 ms. Found 16 JPA repository interfaces.
2023-06-07 00:57:25.322  INFO 18880 --- [  restartedMain] o.s.b.w.e.t.TomcatWebServer              : Tomcat initialized with port(s): 8080 (http)
2023-06-07 00:57:25.332  INFO 18880 --- [  restartedMain] o.a.c.h.Http11NioProtocol                : Initializing ProtocolHandler ["http-nio-8080"]
2023-06-07 00:57:25.333  INFO 18880 --- [  restartedMain] o.a.c.c.StandardService                  : Starting service [Tomcat]
2023-06-07 00:57:25.334  INFO 18880 --- [  restartedMain] o.a.c.c.StandardEngine                   : Starting Servlet engine: [Apache Tomcat/9.0.54]
2023-06-07 00:57:25.554  INFO 18880 --- [  restartedMain] o.a.c.c.C.[.[.[/]                        : Initializing Spring embedded WebApplicationContext
2023-06-07 00:57:25.559  INFO 18880 --- [  restartedMain] w.s.c.ServletWebServerApplicationContext : Root WebApplicationContext: initialization completed in 2813 ms
2023-06-07 00:57:25.736  INFO 18880 --- [  restartedMain] o.h.j.i.u.LogHelper                      : HHH000204: Processing PersistenceUnitInfo [name: default]
2023-06-07 00:57:25.789  INFO 18880 --- [  restartedMain] o.h.Version                              : HHH000412: Hibernate ORM core version 5.4.32.Final
2023-06-07 00:57:26.124  INFO 18880 --- [  restartedMain] o.h.a.c.Version                          : HCANN000001: Hibernate Commons Annotations {5.1.2.Final}
2023-06-07 00:57:26.316  INFO 18880 --- [  restartedMain] c.z.h.HikariDataSource                   : HikariPool-1 - Starting...
2023-06-07 00:57:27.077  INFO 18880 --- [  restartedMain] c.z.h.HikariDataSource                   : HikariPool-1 - Start completed.
2023-06-07 00:57:27.143  INFO 18880 --- [  restartedMain] o.h.d.Dialect                            : HHH000400: Using dialect: org.hibernate.dialect.MySQL5InnoDBDialect
2023-06-07 00:57:28.570  INFO 18880 --- [  restartedMain] o.h.e.t.j.p.i.JtaPlatformInitiator       : HHH000490: Using JtaPlatform implementation: [org.hibernate.engine.transaction.jta.platform.internal.NoJtaPlatform]
2023-06-07 00:57:28.580  INFO 18880 --- [  restartedMain] j.LocalContainerEntityManagerFactoryBean : Initialized JPA EntityManagerFactory for persistence unit 'default'
2023-06-07 00:57:30.357  INFO 18880 --- [  restartedMain] o.s.b.a.w.s.WelcomePageHandlerMapping    : Adding welcome page: class path resource [static/index.html]
2023-06-07 00:57:30.442  INFO 18880 --- [  restartedMain] o.s.s.w.DefaultSecurityFilterChain       : Will secure any request with [org.springframework.security.web.context.request.async.WebAsyncManagerIntegrationFilter@17f5e7be, org.springframework.security.web.context.SecurityContextPersistenceFilter@1d5d373f, org.springframework.security.web.header.HeaderWriterFilter@72642cf9, org.springframework.web.filter.CorsFilter@590bdd01, com.example.demo.config.auth.jwt.JwtExceptionFilter@108cb26b, com.example.demo.config.auth.jwt.JwtAuthenticationFilter@31ad4321, com.example.demo.config.auth.JsonCustomLogin.filter.CustomJsonUsernamePasswordAuthenticationFilter@501b352d, org.springframework.security.web.authentication.logout.LogoutFilter@64f69093, org.springframework.security.oauth2.client.web.OAuth2AuthorizationRequestRedirectFilter@7c3650d9, org.springframework.security.oauth2.client.web.OAuth2LoginAuthenticationFilter@5932f1, org.springframework.security.web.authentication.ui.DefaultLoginPageGeneratingFilter@5c745e38, org.springframework.security.web.authentication.ui.DefaultLogoutPageGeneratingFilter@95d8abd, org.springframework.security.web.savedrequest.RequestCacheAwareFilter@4dbe148f, org.springframework.security.web.servletapi.SecurityContextHolderAwareRequestFilter@1b886ece, org.springframework.security.web.authentication.AnonymousAuthenticationFilter@e39ad42, org.springframework.security.web.session.SessionManagementFilter@307fe92d, org.springframework.security.web.access.ExceptionTranslationFilter@63eb7fcd, org.springframework.security.web.access.intercept.FilterSecurityInterceptor@54ebc528]
2023-06-07 00:57:30.791  INFO 18880 --- [  restartedMain] o.s.b.d.a.OptionalLiveReloadServer       : LiveReload server is running on port 35729
2023-06-07 00:57:30.822  INFO 18880 --- [  restartedMain] o.a.c.h.Http11NioProtocol                : Starting ProtocolHandler ["http-nio-8080"]
2023-06-07 00:57:30.846  INFO 18880 --- [  restartedMain] o.s.b.w.e.t.TomcatWebServer              : Tomcat started on port(s): 8080 (http) with context path ''
2023-06-07 00:57:30.850  INFO 18880 --- [  restartedMain] o.s.m.s.b.SimpleBrokerMessageHandler     : Starting...
2023-06-07 00:57:30.850  INFO 18880 --- [  restartedMain] o.s.m.s.b.SimpleBrokerMessageHandler     : BrokerAvailabilityEvent[available=true, SimpleBrokerMessageHandler [org.springframework.messaging.simp.broker.DefaultSubscriptionRegistry@7f127f57]]
2023-06-07 00:57:30.851  INFO 18880 --- [  restartedMain] o.s.m.s.b.SimpleBrokerMessageHandler     : Started.
2023-06-07 00:57:30.868  INFO 18880 --- [  restartedMain] c.e.d.FastfoodUpApplication              : Started FastfoodUpApplication in 9.215 seconds (JVM running for 13.531)
2023-06-07 00:58:01.942  INFO 18880 --- [nio-8080-exec-1] o.a.c.c.C.[.[.[/]                        : Initializing Spring DispatcherServlet 'dispatcherServlet'
2023-06-07 00:58:01.943  INFO 18880 --- [nio-8080-exec-1] o.s.w.s.DispatcherServlet                : Initializing Servlet 'dispatcherServlet'
2023-06-07 00:58:01.945  INFO 18880 --- [nio-8080-exec-1] o.s.w.s.DispatcherServlet                : Completed initialization in 2 ms
2023-06-07 00:58:01.998  INFO 18880 --- [nio-8080-exec-1] c.e.d.C.P.CustomerController             : 로그인 페이지
2023-06-07 00:58:23.972  INFO 18880 --- [nio-8080-exec-8] JsonUsernamePasswordAuthenticationFilter : 로그인 커스텀 필터 시작!
2023-06-07 00:58:24.004  INFO 18880 --- [nio-8080-exec-8] JsonUsernamePasswordAuthenticationFilter : userId : dico2760
2023-06-07 00:58:24.004  INFO 18880 --- [nio-8080-exec-8] JsonUsernamePasswordAuthenticationFilter : userPasswd : dsad
2023-06-07 00:58:24.005  INFO 18880 --- [nio-8080-exec-8] c.e.d.c.a.J.S.CustomLoginService         : loadUserByUsername 실행
2023-06-07 00:58:24.205  INFO 18880 --- [nio-8080-exec-8] c.e.d.c.a.J.h.LoginFailureHandler        : 로그인 실패 핸들러! org.springframework.security.authentication.BadCredentialsException: 비밀번호가 틀렸습니다.
2023-06-07 00:58:29.818  INFO 18880 --- [MessageBroker-1] o.s.w.s.c.WebSocketMessageBrokerStats    : WebSocketSession[0 current WS(0)-HttpStream(0)-HttpPoll(0), 0 total, 0 closed abnormally (0 connect failure, 0 send limit, 0 transport error)], stompSubProtocol[processed CONNECT(0)-CONNECTED(0)-DISCONNECT(0)], stompBrokerRelay[null], inboundChannel[pool size = 0, active threads = 0, queued tasks = 0, completed tasks = 0], outboundChannel[pool size = 0, active threads = 0, queued tasks = 0, completed tasks = 0], sockJsScheduler[pool size = 1, active threads = 1, queued tasks = 0, completed tasks = 0]
2023-06-07 00:58:42.296  INFO 18880 --- [nio-8080-exec-9] JsonUsernamePasswordAuthenticationFilter : 로그인 커스텀 필터 시작!
2023-06-07 00:58:42.296  INFO 18880 --- [nio-8080-exec-9] JsonUsernamePasswordAuthenticationFilter : userId : dico27ddd
2023-06-07 00:58:42.297  INFO 18880 --- [nio-8080-exec-9] JsonUsernamePasswordAuthenticationFilter : userPasswd : dsad
2023-06-07 00:58:42.297  INFO 18880 --- [nio-8080-exec-9] c.e.d.c.a.J.S.CustomLoginService         : loadUserByUsername 실행
2023-06-07 00:58:42.303 ERROR 18880 --- [nio-8080-exec-9] o.a.c.c.C.[.[.[.[dispatcherServlet]      : Servlet.service() for servlet [dispatcherServlet] in context with path [] threw exception
java.lang.RuntimeException: Customer not found
	at com.example.demo.config.auth.JsonCustomLogin.Service.CustomLoginService.loadUserByUsername(CustomLoginService.java:30)
	at com.example.demo.config.auth.JsonCustomLogin.Manager.CustomAuthenticationManager.authenticate(CustomAuthenticationManager.java:34)
	at com.example.demo.config.auth.JsonCustomLogin.filter.CustomJsonUsernamePasswordAuthenticationFilter.attemptAuthentication(CustomJsonUsernamePasswordAuthenticationFilter.java:79)
	at org.springframework.security.web.authentication.AbstractAuthenticationProcessingFilter.doFilter(AbstractAuthenticationProcessingFilter.java:222)
	at org.springframework.security.web.authentication.AbstractAuthenticationProcessingFilter.doFilter(AbstractAuthenticationProcessingFilter.java:212)
	at org.springframework.security.web.FilterChainProxy$VirtualFilterChain.doFilter(FilterChainProxy.java:336)
	at com.example.demo.config.auth.jwt.JwtAuthenticationFilter.doFilterInternal(JwtAuthenticationFilter.java:41)
	at org.springframework.web.filter.OncePerRequestFilter.doFilter(OncePerRequestFilter.java:119)
	at org.springframework.security.web.FilterChainProxy$VirtualFilterChain.doFilter(FilterChainProxy.java:336)
	at com.example.demo.config.auth.jwt.JwtExceptionFilter.doFilterInternal(JwtExceptionFilter.java:19)
	at org.springframework.web.filter.OncePerRequestFilter.doFilter(OncePerRequestFilter.java:119)
	at org.springframework.security.web.FilterChainProxy$VirtualFilterChain.doFilter(FilterChainProxy.java:336)
	at org.springframework.web.filter.CorsFilter.doFilterInternal(CorsFilter.java:91)
	at org.springframework.web.filter.OncePerRequestFilter.doFilter(OncePerRequestFilter.java:119)
	at org.springframework.security.web.FilterChainProxy$VirtualFilterChain.doFilter(FilterChainProxy.java:336)
	at org.springframework.security.web.header.HeaderWriterFilter.doHeadersAfter(HeaderWriterFilter.java:90)
	at org.springframework.security.web.header.HeaderWriterFilter.doFilterInternal(HeaderWriterFilter.java:75)
	at org.springframework.web.filter.OncePerRequestFilter.doFilter(OncePerRequestFilter.java:119)
	at org.springframework.security.web.FilterChainProxy$VirtualFilterChain.doFilter(FilterChainProxy.java:336)
	at org.springframework.security.web.context.SecurityContextPersistenceFilter.doFilter(SecurityContextPersistenceFilter.java:110)
	at org.springframework.security.web.context.SecurityContextPersistenceFilter.doFilter(SecurityContextPersistenceFilter.java:80)
	at org.springframework.security.web.FilterChainProxy$VirtualFilterChain.doFilter(FilterChainProxy.java:336)
	at org.springframework.security.web.context.request.async.WebAsyncManagerIntegrationFilter.doFilterInternal(WebAsyncManagerIntegrationFilter.java:55)
	at org.springframework.web.filter.OncePerRequestFilter.doFilter(OncePerRequestFilter.java:119)
	at org.springframework.security.web.FilterChainProxy$VirtualFilterChain.doFilter(FilterChainProxy.java:336)
	at org.springframework.security.web.FilterChainProxy.doFilterInternal(FilterChainProxy.java:211)
	at org.springframework.security.web.FilterChainProxy.doFilter(FilterChainProxy.java:183)
	at org.springframework.web.filter.DelegatingFilterProxy.invokeDelegate(DelegatingFilterProxy.java:358)
	at org.springframework.web.filter.DelegatingFilterProxy.doFilter(DelegatingFilterProxy.java:271)
	at org.apache.catalina.core.ApplicationFilterChain.internalDoFilter(ApplicationFilterChain.java:189)
	at org.apache.catalina.core.ApplicationFilterChain.doFilter(ApplicationFilterChain.java:162)
	at org.springframework.web.filter.RequestContextFilter.doFilterInternal(RequestContextFilter.java:100)
	at org.springframework.web.filter.OncePerRequestFilter.doFilter(OncePerRequestFilter.java:119)
	at org.apache.catalina.core.ApplicationFilterChain.internalDoFilter(ApplicationFilterChain.java:189)
	at org.apache.catalina.core.ApplicationFilterChain.doFilter(ApplicationFilterChain.java:162)
	at org.springframework.web.filter.FormContentFilter.doFilterInternal(FormContentFilter.java:93)
	at org.springframework.web.filter.OncePerRequestFilter.doFilter(OncePerRequestFilter.java:119)
	at org.apache.catalina.core.ApplicationFilterChain.internalDoFilter(ApplicationFilterChain.java:189)
	at org.apache.catalina.core.ApplicationFilterChain.doFilter(ApplicationFilterChain.java:162)
	at org.springframework.web.filter.CharacterEncodingFilter.doFilterInternal(CharacterEncodingFilter.java:201)
	at org.springframework.web.filter.OncePerRequestFilter.doFilter(OncePerRequestFilter.java:119)
	at org.apache.catalina.core.ApplicationFilterChain.internalDoFilter(ApplicationFilterChain.java:189)
	at org.apache.catalina.core.ApplicationFilterChain.doFilter(ApplicationFilterChain.java:162)
	at org.apache.catalina.core.StandardWrapperValve.invoke(StandardWrapperValve.java:197)
	at org.apache.catalina.core.StandardContextValve.invoke(StandardContextValve.java:97)
	at org.apache.catalina.authenticator.AuthenticatorBase.invoke(AuthenticatorBase.java:540)
	at org.apache.catalina.core.StandardHostValve.invoke(StandardHostValve.java:135)
	at org.apache.catalina.valves.ErrorReportValve.invoke(ErrorReportValve.java:92)
	at org.apache.catalina.core.StandardEngineValve.invoke(StandardEngineValve.java:78)
	at org.apache.catalina.connector.CoyoteAdapter.service(CoyoteAdapter.java:357)
	at org.apache.coyote.http11.Http11Processor.service(Http11Processor.java:382)
	at org.apache.coyote.AbstractProcessorLight.process(AbstractProcessorLight.java:65)
	at org.apache.coyote.AbstractProtocol$ConnectionHandler.process(AbstractProtocol.java:895)
	at org.apache.tomcat.util.net.NioEndpoint$SocketProcessor.doRun(NioEndpoint.java:1722)
	at org.apache.tomcat.util.net.SocketProcessorBase.run(SocketProcessorBase.java:49)
	at org.apache.tomcat.util.threads.ThreadPoolExecutor.runWorker(ThreadPoolExecutor.java:1191)
	at org.apache.tomcat.util.threads.ThreadPoolExecutor$Worker.run(ThreadPoolExecutor.java:659)
	at org.apache.tomcat.util.threads.TaskThread$WrappingRunnable.run(TaskThread.java:61)
	at java.base/java.lang.Thread.run(Thread.java:834)
2023-06-07 00:58:52.028  INFO 18880 --- [nio-8080-exec-1] JsonUsernamePasswordAuthenticationFilter : 로그인 커스텀 필터 시작!
2023-06-07 00:58:52.028  INFO 18880 --- [nio-8080-exec-1] JsonUsernamePasswordAuthenticationFilter : userId : dico27601
2023-06-07 00:58:52.028  INFO 18880 --- [nio-8080-exec-1] JsonUsernamePasswordAuthenticationFilter : userPasswd : dsad
2023-06-07 00:58:52.028  INFO 18880 --- [nio-8080-exec-1] c.e.d.c.a.J.S.CustomLoginService         : loadUserByUsername 실행
2023-06-07 00:58:52.031 ERROR 18880 --- [nio-8080-exec-1] o.a.c.c.C.[.[.[.[dispatcherServlet]      : Servlet.service() for servlet [dispatcherServlet] in context with path [] threw exception
java.lang.RuntimeException: Customer not found
	at com.example.demo.config.auth.JsonCustomLogin.Service.CustomLoginService.loadUserByUsername(CustomLoginService.java:30)
	at com.example.demo.config.auth.JsonCustomLogin.Manager.CustomAuthenticationManager.authenticate(CustomAuthenticationManager.java:34)
	at com.example.demo.config.auth.JsonCustomLogin.filter.CustomJsonUsernamePasswordAuthenticationFilter.attemptAuthentication(CustomJsonUsernamePasswordAuthenticationFilter.java:79)
	at org.springframework.security.web.authentication.AbstractAuthenticationProcessingFilter.doFilter(AbstractAuthenticationProcessingFilter.java:222)
	at org.springframework.security.web.authentication.AbstractAuthenticationProcessingFilter.doFilter(AbstractAuthenticationProcessingFilter.java:212)
	at org.springframework.security.web.FilterChainProxy$VirtualFilterChain.doFilter(FilterChainProxy.java:336)
	at com.example.demo.config.auth.jwt.JwtAuthenticationFilter.doFilterInternal(JwtAuthenticationFilter.java:41)
	at org.springframework.web.filter.OncePerRequestFilter.doFilter(OncePerRequestFilter.java:119)
	at org.springframework.security.web.FilterChainProxy$VirtualFilterChain.doFilter(FilterChainProxy.java:336)
	at com.example.demo.config.auth.jwt.JwtExceptionFilter.doFilterInternal(JwtExceptionFilter.java:19)
	at org.springframework.web.filter.OncePerRequestFilter.doFilter(OncePerRequestFilter.java:119)
	at org.springframework.security.web.FilterChainProxy$VirtualFilterChain.doFilter(FilterChainProxy.java:336)
	at org.springframework.web.filter.CorsFilter.doFilterInternal(CorsFilter.java:91)
	at org.springframework.web.filter.OncePerRequestFilter.doFilter(OncePerRequestFilter.java:119)
	at org.springframework.security.web.FilterChainProxy$VirtualFilterChain.doFilter(FilterChainProxy.java:336)
	at org.springframework.security.web.header.HeaderWriterFilter.doHeadersAfter(HeaderWriterFilter.java:90)
	at org.springframework.security.web.header.HeaderWriterFilter.doFilterInternal(HeaderWriterFilter.java:75)
	at org.springframework.web.filter.OncePerRequestFilter.doFilter(OncePerRequestFilter.java:119)
	at org.springframework.security.web.FilterChainProxy$VirtualFilterChain.doFilter(FilterChainProxy.java:336)
	at org.springframework.security.web.context.SecurityContextPersistenceFilter.doFilter(SecurityContextPersistenceFilter.java:110)
	at org.springframework.security.web.context.SecurityContextPersistenceFilter.doFilter(SecurityContextPersistenceFilter.java:80)
	at org.springframework.security.web.FilterChainProxy$VirtualFilterChain.doFilter(FilterChainProxy.java:336)
	at org.springframework.security.web.context.request.async.WebAsyncManagerIntegrationFilter.doFilterInternal(WebAsyncManagerIntegrationFilter.java:55)
	at org.springframework.web.filter.OncePerRequestFilter.doFilter(OncePerRequestFilter.java:119)
	at org.springframework.security.web.FilterChainProxy$VirtualFilterChain.doFilter(FilterChainProxy.java:336)
	at org.springframework.security.web.FilterChainProxy.doFilterInternal(FilterChainProxy.java:211)
	at org.springframework.security.web.FilterChainProxy.doFilter(FilterChainProxy.java:183)
	at org.springframework.web.filter.DelegatingFilterProxy.invokeDelegate(DelegatingFilterProxy.java:358)
	at org.springframework.web.filter.DelegatingFilterProxy.doFilter(DelegatingFilterProxy.java:271)
	at org.apache.catalina.core.ApplicationFilterChain.internalDoFilter(ApplicationFilterChain.java:189)
	at org.apache.catalina.core.ApplicationFilterChain.doFilter(ApplicationFilterChain.java:162)
	at org.springframework.web.filter.RequestContextFilter.doFilterInternal(RequestContextFilter.java:100)
	at org.springframework.web.filter.OncePerRequestFilter.doFilter(OncePerRequestFilter.java:119)
	at org.apache.catalina.core.ApplicationFilterChain.internalDoFilter(ApplicationFilterChain.java:189)
	at org.apache.catalina.core.ApplicationFilterChain.doFilter(ApplicationFilterChain.java:162)
	at org.springframework.web.filter.FormContentFilter.doFilterInternal(FormContentFilter.java:93)
	at org.springframework.web.filter.OncePerRequestFilter.doFilter(OncePerRequestFilter.java:119)
	at org.apache.catalina.core.ApplicationFilterChain.internalDoFilter(ApplicationFilterChain.java:189)
	at org.apache.catalina.core.ApplicationFilterChain.doFilter(ApplicationFilterChain.java:162)
	at org.springframework.web.filter.CharacterEncodingFilter.doFilterInternal(CharacterEncodingFilter.java:201)
	at org.springframework.web.filter.OncePerRequestFilter.doFilter(OncePerRequestFilter.java:119)
	at org.apache.catalina.core.ApplicationFilterChain.internalDoFilter(ApplicationFilterChain.java:189)
	at org.apache.catalina.core.ApplicationFilterChain.doFilter(ApplicationFilterChain.java:162)
	at org.apache.catalina.core.StandardWrapperValve.invoke(StandardWrapperValve.java:197)
	at org.apache.catalina.core.StandardContextValve.invoke(StandardContextValve.java:97)
	at org.apache.catalina.authenticator.AuthenticatorBase.invoke(AuthenticatorBase.java:540)
	at org.apache.catalina.core.StandardHostValve.invoke(StandardHostValve.java:135)
	at org.apache.catalina.valves.ErrorReportValve.invoke(ErrorReportValve.java:92)
	at org.apache.catalina.core.StandardEngineValve.invoke(StandardEngineValve.java:78)
	at org.apache.catalina.connector.CoyoteAdapter.service(CoyoteAdapter.java:357)
	at org.apache.coyote.http11.Http11Processor.service(Http11Processor.java:382)
	at org.apache.coyote.AbstractProcessorLight.process(AbstractProcessorLight.java:65)
	at org.apache.coyote.AbstractProtocol$ConnectionHandler.process(AbstractProtocol.java:895)
	at org.apache.tomcat.util.net.NioEndpoint$SocketProcessor.doRun(NioEndpoint.java:1722)
	at org.apache.tomcat.util.net.SocketProcessorBase.run(SocketProcessorBase.java:49)
	at org.apache.tomcat.util.threads.ThreadPoolExecutor.runWorker(ThreadPoolExecutor.java:1191)
	at org.apache.tomcat.util.threads.ThreadPoolExecutor$Worker.run(ThreadPoolExecutor.java:659)
	at org.apache.tomcat.util.threads.TaskThread$WrappingRunnable.run(TaskThread.java:61)
	at java.base/java.lang.Thread.run(Thread.java:834)
2023-06-07 00:59:04.371  INFO 18880 --- [ionShutdownHook] o.s.m.s.b.SimpleBrokerMessageHandler     : Stopping...
2023-06-07 00:59:04.372  INFO 18880 --- [ionShutdownHook] o.s.m.s.b.SimpleBrokerMessageHandler     : BrokerAvailabilityEvent[available=false, SimpleBrokerMessageHandler [org.springframework.messaging.simp.broker.DefaultSubscriptionRegistry@7f127f57]]
2023-06-07 00:59:04.372  INFO 18880 --- [ionShutdownHook] o.s.m.s.b.SimpleBrokerMessageHandler     : Stopped.
2023-06-07 00:59:07.702  INFO 18880 --- [ionShutdownHook] j.LocalContainerEntityManagerFactoryBean : Closing JPA EntityManagerFactory for persistence unit 'default'
2023-06-07 00:59:07.706  INFO 18880 --- [ionShutdownHook] c.z.h.HikariDataSource                   : HikariPool-1 - Shutdown initiated...
2023-06-07 00:59:07.779  INFO 18880 --- [ionShutdownHook] c.z.h.HikariDataSource                   : HikariPool-1 - Shutdown completed.
2023-06-07 01:01:46.995  INFO 16688 --- [  restartedMain] c.e.d.FastfoodUpApplication              : Starting FastfoodUpApplication using Java 11.0.2 on USER with PID 16688 (D:\Project\fastfood_v2\target\classes started by Administrator in D:\Project\fastfood_v2)
2023-06-07 01:01:47.009  INFO 16688 --- [  restartedMain] c.e.d.FastfoodUpApplication              : The following profiles are active: rds,oauth
2023-06-07 01:01:47.208  INFO 16688 --- [  restartedMain] .e.DevToolsPropertyDefaultsPostProcessor : Devtools property defaults active! Set 'spring.devtools.add-properties' to 'false' to disable
2023-06-07 01:01:47.210  INFO 16688 --- [  restartedMain] .e.DevToolsPropertyDefaultsPostProcessor : For additional web related logging consider setting the 'logging.level.web' property to 'DEBUG'
2023-06-07 01:01:48.742  INFO 16688 --- [  restartedMain] .s.d.r.c.RepositoryConfigurationDelegate : Bootstrapping Spring Data JPA repositories in DEFAULT mode.
2023-06-07 01:01:48.982  INFO 16688 --- [  restartedMain] .s.d.r.c.RepositoryConfigurationDelegate : Finished Spring Data repository scanning in 228 ms. Found 16 JPA repository interfaces.
2023-06-07 01:01:50.015  INFO 16688 --- [  restartedMain] o.s.b.w.e.t.TomcatWebServer              : Tomcat initialized with port(s): 8080 (http)
2023-06-07 01:01:50.029  INFO 16688 --- [  restartedMain] o.a.c.h.Http11NioProtocol                : Initializing ProtocolHandler ["http-nio-8080"]
2023-06-07 01:01:50.030  INFO 16688 --- [  restartedMain] o.a.c.c.StandardService                  : Starting service [Tomcat]
2023-06-07 01:01:50.031  INFO 16688 --- [  restartedMain] o.a.c.c.StandardEngine                   : Starting Servlet engine: [Apache Tomcat/9.0.54]
2023-06-07 01:01:50.277  INFO 16688 --- [  restartedMain] o.a.c.c.C.[.[.[/]                        : Initializing Spring embedded WebApplicationContext
2023-06-07 01:01:50.278  INFO 16688 --- [  restartedMain] w.s.c.ServletWebServerApplicationContext : Root WebApplicationContext: initialization completed in 3066 ms
2023-06-07 01:01:50.501  INFO 16688 --- [  restartedMain] o.h.j.i.u.LogHelper                      : HHH000204: Processing PersistenceUnitInfo [name: default]
2023-06-07 01:01:50.564  INFO 16688 --- [  restartedMain] o.h.Version                              : HHH000412: Hibernate ORM core version 5.4.32.Final
2023-06-07 01:01:50.717  INFO 16688 --- [  restartedMain] o.h.a.c.Version                          : HCANN000001: Hibernate Commons Annotations {5.1.2.Final}
2023-06-07 01:01:50.861  INFO 16688 --- [  restartedMain] c.z.h.HikariDataSource                   : HikariPool-1 - Starting...
2023-06-07 01:01:51.640  INFO 16688 --- [  restartedMain] c.z.h.HikariDataSource                   : HikariPool-1 - Start completed.
2023-06-07 01:01:51.726  INFO 16688 --- [  restartedMain] o.h.d.Dialect                            : HHH000400: Using dialect: org.hibernate.dialect.MySQL5InnoDBDialect
2023-06-07 01:01:53.360  INFO 16688 --- [  restartedMain] o.h.e.t.j.p.i.JtaPlatformInitiator       : HHH000490: Using JtaPlatform implementation: [org.hibernate.engine.transaction.jta.platform.internal.NoJtaPlatform]
2023-06-07 01:01:53.370  INFO 16688 --- [  restartedMain] j.LocalContainerEntityManagerFactoryBean : Initialized JPA EntityManagerFactory for persistence unit 'default'
2023-06-07 01:01:56.583  INFO 16688 --- [  restartedMain] o.s.b.a.w.s.WelcomePageHandlerMapping    : Adding welcome page: class path resource [static/index.html]
2023-06-07 01:01:56.645  INFO 16688 --- [  restartedMain] o.s.s.w.DefaultSecurityFilterChain       : Will secure any request with [org.springframework.security.web.context.request.async.WebAsyncManagerIntegrationFilter@3858e86e, org.springframework.security.web.context.SecurityContextPersistenceFilter@3c5f58a8, org.springframework.security.web.header.HeaderWriterFilter@4f418196, org.springframework.web.filter.CorsFilter@10658bb3, com.example.demo.config.auth.jwt.JwtExceptionFilter@5330cea3, com.example.demo.config.auth.jwt.JwtAuthenticationFilter@25b77961, com.example.demo.config.auth.JsonCustomLogin.filter.CustomJsonUsernamePasswordAuthenticationFilter@29edbaa7, org.springframework.security.web.authentication.logout.LogoutFilter@7dde332e, org.springframework.security.oauth2.client.web.OAuth2AuthorizationRequestRedirectFilter@6a5849a7, org.springframework.security.oauth2.client.web.OAuth2LoginAuthenticationFilter@658b9cd, org.springframework.security.web.authentication.ui.DefaultLoginPageGeneratingFilter@ff8cce5, org.springframework.security.web.authentication.ui.DefaultLogoutPageGeneratingFilter@5a53ee21, org.springframework.security.web.savedrequest.RequestCacheAwareFilter@7c817520, org.springframework.security.web.servletapi.SecurityContextHolderAwareRequestFilter@340a47d4, org.springframework.security.web.authentication.AnonymousAuthenticationFilter@6657cecb, org.springframework.security.web.session.SessionManagementFilter@461f0b32, org.springframework.security.web.access.ExceptionTranslationFilter@7c3e295d, org.springframework.security.web.access.intercept.FilterSecurityInterceptor@29a533f7]
2023-06-07 01:01:57.025  INFO 16688 --- [  restartedMain] o.s.b.d.a.OptionalLiveReloadServer       : LiveReload server is running on port 35729
2023-06-07 01:01:57.070  INFO 16688 --- [  restartedMain] o.a.c.h.Http11NioProtocol                : Starting ProtocolHandler ["http-nio-8080"]
2023-06-07 01:01:57.145  INFO 16688 --- [  restartedMain] o.s.b.w.e.t.TomcatWebServer              : Tomcat started on port(s): 8080 (http) with context path ''
2023-06-07 01:01:57.148  INFO 16688 --- [  restartedMain] o.s.m.s.b.SimpleBrokerMessageHandler     : Starting...
2023-06-07 01:01:57.148  INFO 16688 --- [  restartedMain] o.s.m.s.b.SimpleBrokerMessageHandler     : BrokerAvailabilityEvent[available=true, SimpleBrokerMessageHandler [org.springframework.messaging.simp.broker.DefaultSubscriptionRegistry@12356d0a]]
2023-06-07 01:01:57.149  INFO 16688 --- [  restartedMain] o.s.m.s.b.SimpleBrokerMessageHandler     : Started.
2023-06-07 01:01:57.173  INFO 16688 --- [  restartedMain] c.e.d.FastfoodUpApplication              : Started FastfoodUpApplication in 10.999 seconds (JVM running for 14.518)
2023-06-07 01:02:13.403  INFO 16688 --- [nio-8080-exec-1] o.a.c.c.C.[.[.[/]                        : Initializing Spring DispatcherServlet 'dispatcherServlet'
2023-06-07 01:02:13.403  INFO 16688 --- [nio-8080-exec-1] o.s.w.s.DispatcherServlet                : Initializing Servlet 'dispatcherServlet'
2023-06-07 01:02:13.405  INFO 16688 --- [nio-8080-exec-1] o.s.w.s.DispatcherServlet                : Completed initialization in 1 ms
2023-06-07 01:02:13.453  INFO 16688 --- [nio-8080-exec-1] c.e.d.C.P.CustomerController             : 로그인 페이지
2023-06-07 01:02:20.713  INFO 16688 --- [nio-8080-exec-8] JsonUsernamePasswordAuthenticationFilter : 로그인 커스텀 필터 시작!
2023-06-07 01:02:20.743  INFO 16688 --- [nio-8080-exec-8] JsonUsernamePasswordAuthenticationFilter : userId : dico27601
2023-06-07 01:02:20.744  INFO 16688 --- [nio-8080-exec-8] JsonUsernamePasswordAuthenticationFilter : userPasswd : sadas
2023-06-07 01:02:20.744  INFO 16688 --- [nio-8080-exec-8] c.e.d.c.a.J.S.CustomLoginService         : loadUserByUsername 실행
2023-06-07 01:02:20.796 ERROR 16688 --- [nio-8080-exec-8] o.a.c.c.C.[.[.[.[dispatcherServlet]      : Servlet.service() for servlet [dispatcherServlet] in context with path [] threw exception
java.lang.RuntimeException: Customer not found
	at com.example.demo.config.auth.JsonCustomLogin.Service.CustomLoginService.loadUserByUsername(CustomLoginService.java:30)
	at com.example.demo.config.auth.JsonCustomLogin.Manager.CustomAuthenticationManager.authenticate(CustomAuthenticationManager.java:34)
	at com.example.demo.config.auth.JsonCustomLogin.filter.CustomJsonUsernamePasswordAuthenticationFilter.attemptAuthentication(CustomJsonUsernamePasswordAuthenticationFilter.java:79)
	at org.springframework.security.web.authentication.AbstractAuthenticationProcessingFilter.doFilter(AbstractAuthenticationProcessingFilter.java:222)
	at org.springframework.security.web.authentication.AbstractAuthenticationProcessingFilter.doFilter(AbstractAuthenticationProcessingFilter.java:212)
	at org.springframework.security.web.FilterChainProxy$VirtualFilterChain.doFilter(FilterChainProxy.java:336)
	at com.example.demo.config.auth.jwt.JwtAuthenticationFilter.doFilterInternal(JwtAuthenticationFilter.java:41)
	at org.springframework.web.filter.OncePerRequestFilter.doFilter(OncePerRequestFilter.java:119)
	at org.springframework.security.web.FilterChainProxy$VirtualFilterChain.doFilter(FilterChainProxy.java:336)
	at com.example.demo.config.auth.jwt.JwtExceptionFilter.doFilterInternal(JwtExceptionFilter.java:19)
	at org.springframework.web.filter.OncePerRequestFilter.doFilter(OncePerRequestFilter.java:119)
	at org.springframework.security.web.FilterChainProxy$VirtualFilterChain.doFilter(FilterChainProxy.java:336)
	at org.springframework.web.filter.CorsFilter.doFilterInternal(CorsFilter.java:91)
	at org.springframework.web.filter.OncePerRequestFilter.doFilter(OncePerRequestFilter.java:119)
	at org.springframework.security.web.FilterChainProxy$VirtualFilterChain.doFilter(FilterChainProxy.java:336)
	at org.springframework.security.web.header.HeaderWriterFilter.doHeadersAfter(HeaderWriterFilter.java:90)
	at org.springframework.security.web.header.HeaderWriterFilter.doFilterInternal(HeaderWriterFilter.java:75)
	at org.springframework.web.filter.OncePerRequestFilter.doFilter(OncePerRequestFilter.java:119)
	at org.springframework.security.web.FilterChainProxy$VirtualFilterChain.doFilter(FilterChainProxy.java:336)
	at org.springframework.security.web.context.SecurityContextPersistenceFilter.doFilter(SecurityContextPersistenceFilter.java:110)
	at org.springframework.security.web.context.SecurityContextPersistenceFilter.doFilter(SecurityContextPersistenceFilter.java:80)
	at org.springframework.security.web.FilterChainProxy$VirtualFilterChain.doFilter(FilterChainProxy.java:336)
	at org.springframework.security.web.context.request.async.WebAsyncManagerIntegrationFilter.doFilterInternal(WebAsyncManagerIntegrationFilter.java:55)
	at org.springframework.web.filter.OncePerRequestFilter.doFilter(OncePerRequestFilter.java:119)
	at org.springframework.security.web.FilterChainProxy$VirtualFilterChain.doFilter(FilterChainProxy.java:336)
	at org.springframework.security.web.FilterChainProxy.doFilterInternal(FilterChainProxy.java:211)
	at org.springframework.security.web.FilterChainProxy.doFilter(FilterChainProxy.java:183)
	at org.springframework.web.filter.DelegatingFilterProxy.invokeDelegate(DelegatingFilterProxy.java:358)
	at org.springframework.web.filter.DelegatingFilterProxy.doFilter(DelegatingFilterProxy.java:271)
	at org.apache.catalina.core.ApplicationFilterChain.internalDoFilter(ApplicationFilterChain.java:189)
	at org.apache.catalina.core.ApplicationFilterChain.doFilter(ApplicationFilterChain.java:162)
	at org.springframework.web.filter.RequestContextFilter.doFilterInternal(RequestContextFilter.java:100)
	at org.springframework.web.filter.OncePerRequestFilter.doFilter(OncePerRequestFilter.java:119)
	at org.apache.catalina.core.ApplicationFilterChain.internalDoFilter(ApplicationFilterChain.java:189)
	at org.apache.catalina.core.ApplicationFilterChain.doFilter(ApplicationFilterChain.java:162)
	at org.springframework.web.filter.FormContentFilter.doFilterInternal(FormContentFilter.java:93)
	at org.springframework.web.filter.OncePerRequestFilter.doFilter(OncePerRequestFilter.java:119)
	at org.apache.catalina.core.ApplicationFilterChain.internalDoFilter(ApplicationFilterChain.java:189)
	at org.apache.catalina.core.ApplicationFilterChain.doFilter(ApplicationFilterChain.java:162)
	at org.springframework.web.filter.CharacterEncodingFilter.doFilterInternal(CharacterEncodingFilter.java:201)
	at org.springframework.web.filter.OncePerRequestFilter.doFilter(OncePerRequestFilter.java:119)
	at org.apache.catalina.core.ApplicationFilterChain.internalDoFilter(ApplicationFilterChain.java:189)
	at org.apache.catalina.core.ApplicationFilterChain.doFilter(ApplicationFilterChain.java:162)
	at org.apache.catalina.core.StandardWrapperValve.invoke(StandardWrapperValve.java:197)
	at org.apache.catalina.core.StandardContextValve.invoke(StandardContextValve.java:97)
	at org.apache.catalina.authenticator.AuthenticatorBase.invoke(AuthenticatorBase.java:540)
	at org.apache.catalina.core.StandardHostValve.invoke(StandardHostValve.java:135)
	at org.apache.catalina.valves.ErrorReportValve.invoke(ErrorReportValve.java:92)
	at org.apache.catalina.core.StandardEngineValve.invoke(StandardEngineValve.java:78)
	at org.apache.catalina.connector.CoyoteAdapter.service(CoyoteAdapter.java:357)
	at org.apache.coyote.http11.Http11Processor.service(Http11Processor.java:382)
	at org.apache.coyote.AbstractProcessorLight.process(AbstractProcessorLight.java:65)
	at org.apache.coyote.AbstractProtocol$ConnectionHandler.process(AbstractProtocol.java:895)
	at org.apache.tomcat.util.net.NioEndpoint$SocketProcessor.doRun(NioEndpoint.java:1722)
	at org.apache.tomcat.util.net.SocketProcessorBase.run(SocketProcessorBase.java:49)
	at org.apache.tomcat.util.threads.ThreadPoolExecutor.runWorker(ThreadPoolExecutor.java:1191)
	at org.apache.tomcat.util.threads.ThreadPoolExecutor$Worker.run(ThreadPoolExecutor.java:659)
	at org.apache.tomcat.util.threads.TaskThread$WrappingRunnable.run(TaskThread.java:61)
	at java.base/java.lang.Thread.run(Thread.java:834)
2023-06-07 01:02:48.959  INFO 16688 --- [ionShutdownHook] o.s.m.s.b.SimpleBrokerMessageHandler     : Stopping...
2023-06-07 01:02:48.960  INFO 16688 --- [ionShutdownHook] o.s.m.s.b.SimpleBrokerMessageHandler     : BrokerAvailabilityEvent[available=false, SimpleBrokerMessageHandler [org.springframework.messaging.simp.broker.DefaultSubscriptionRegistry@12356d0a]]
2023-06-07 01:02:48.960  INFO 16688 --- [ionShutdownHook] o.s.m.s.b.SimpleBrokerMessageHandler     : Stopped.
2023-06-07 01:02:51.361  INFO 16688 --- [ionShutdownHook] j.LocalContainerEntityManagerFactoryBean : Closing JPA EntityManagerFactory for persistence unit 'default'
2023-06-07 01:02:51.365  INFO 16688 --- [ionShutdownHook] c.z.h.HikariDataSource                   : HikariPool-1 - Shutdown initiated...
2023-06-07 01:02:51.382  INFO 16688 --- [ionShutdownHook] c.z.h.HikariDataSource                   : HikariPool-1 - Shutdown completed.
2023-06-07 01:03:02.360  INFO 20348 --- [  restartedMain] c.e.d.FastfoodUpApplication              : Starting FastfoodUpApplication using Java 11.0.2 on USER with PID 20348 (D:\Project\fastfood_v2\target\classes started by Administrator in D:\Project\fastfood_v2)
2023-06-07 01:03:02.369  INFO 20348 --- [  restartedMain] c.e.d.FastfoodUpApplication              : The following profiles are active: rds,oauth
2023-06-07 01:03:02.427  INFO 20348 --- [  restartedMain] .e.DevToolsPropertyDefaultsPostProcessor : Devtools property defaults active! Set 'spring.devtools.add-properties' to 'false' to disable
2023-06-07 01:03:02.429  INFO 20348 --- [  restartedMain] .e.DevToolsPropertyDefaultsPostProcessor : For additional web related logging consider setting the 'logging.level.web' property to 'DEBUG'
2023-06-07 01:03:03.872  INFO 20348 --- [  restartedMain] .s.d.r.c.RepositoryConfigurationDelegate : Bootstrapping Spring Data JPA repositories in DEFAULT mode.
2023-06-07 01:03:04.032  INFO 20348 --- [  restartedMain] .s.d.r.c.RepositoryConfigurationDelegate : Finished Spring Data repository scanning in 149 ms. Found 16 JPA repository interfaces.
2023-06-07 01:03:05.007  INFO 20348 --- [  restartedMain] o.s.b.w.e.t.TomcatWebServer              : Tomcat initialized with port(s): 8080 (http)
2023-06-07 01:03:05.018  INFO 20348 --- [  restartedMain] o.a.c.h.Http11NioProtocol                : Initializing ProtocolHandler ["http-nio-8080"]
2023-06-07 01:03:05.019  INFO 20348 --- [  restartedMain] o.a.c.c.StandardService                  : Starting service [Tomcat]
2023-06-07 01:03:05.020  INFO 20348 --- [  restartedMain] o.a.c.c.StandardEngine                   : Starting Servlet engine: [Apache Tomcat/9.0.54]
2023-06-07 01:03:05.304  INFO 20348 --- [  restartedMain] o.a.c.c.C.[.[.[/]                        : Initializing Spring embedded WebApplicationContext
2023-06-07 01:03:05.305  INFO 20348 --- [  restartedMain] w.s.c.ServletWebServerApplicationContext : Root WebApplicationContext: initialization completed in 2873 ms
2023-06-07 01:03:05.556  INFO 20348 --- [  restartedMain] o.h.j.i.u.LogHelper                      : HHH000204: Processing PersistenceUnitInfo [name: default]
2023-06-07 01:03:05.618  INFO 20348 --- [  restartedMain] o.h.Version                              : HHH000412: Hibernate ORM core version 5.4.32.Final
2023-06-07 01:03:05.852  INFO 20348 --- [  restartedMain] o.h.a.c.Version                          : HCANN000001: Hibernate Commons Annotations {5.1.2.Final}
2023-06-07 01:03:05.992  INFO 20348 --- [  restartedMain] c.z.h.HikariDataSource                   : HikariPool-1 - Starting...
2023-06-07 01:03:06.540  INFO 20348 --- [  restartedMain] c.z.h.HikariDataSource                   : HikariPool-1 - Start completed.
2023-06-07 01:03:06.553  INFO 20348 --- [  restartedMain] o.h.d.Dialect                            : HHH000400: Using dialect: org.hibernate.dialect.MySQL5InnoDBDialect
2023-06-07 01:03:08.024  INFO 20348 --- [  restartedMain] o.h.e.t.j.p.i.JtaPlatformInitiator       : HHH000490: Using JtaPlatform implementation: [org.hibernate.engine.transaction.jta.platform.internal.NoJtaPlatform]
2023-06-07 01:03:08.034  INFO 20348 --- [  restartedMain] j.LocalContainerEntityManagerFactoryBean : Initialized JPA EntityManagerFactory for persistence unit 'default'
2023-06-07 01:03:10.166  INFO 20348 --- [  restartedMain] o.s.b.a.w.s.WelcomePageHandlerMapping    : Adding welcome page: class path resource [static/index.html]
2023-06-07 01:03:10.246  INFO 20348 --- [  restartedMain] o.s.s.w.DefaultSecurityFilterChain       : Will secure any request with [org.springframework.security.web.context.request.async.WebAsyncManagerIntegrationFilter@550234c3, org.springframework.security.web.context.SecurityContextPersistenceFilter@64b32ba4, org.springframework.security.web.header.HeaderWriterFilter@3eadf514, org.springframework.web.filter.CorsFilter@8fe8943, com.example.demo.config.auth.jwt.JwtExceptionFilter@3b5643ca, com.example.demo.config.auth.jwt.JwtAuthenticationFilter@10232a9f, com.example.demo.config.auth.JsonCustomLogin.filter.CustomJsonUsernamePasswordAuthenticationFilter@49f253c0, org.springframework.security.web.authentication.logout.LogoutFilter@4fb07c9f, org.springframework.security.oauth2.client.web.OAuth2AuthorizationRequestRedirectFilter@5c103626, org.springframework.security.oauth2.client.web.OAuth2LoginAuthenticationFilter@78997056, org.springframework.security.web.authentication.ui.DefaultLoginPageGeneratingFilter@1e7faaa, org.springframework.security.web.authentication.ui.DefaultLogoutPageGeneratingFilter@5443b074, org.springframework.security.web.savedrequest.RequestCacheAwareFilter@a7132f5, org.springframework.security.web.servletapi.SecurityContextHolderAwareRequestFilter@25ddc903, org.springframework.security.web.authentication.AnonymousAuthenticationFilter@288b9f2e, org.springframework.security.web.session.SessionManagementFilter@338b2ce0, org.springframework.security.web.access.ExceptionTranslationFilter@68671603, org.springframework.security.web.access.intercept.FilterSecurityInterceptor@47cf356e]
2023-06-07 01:03:10.652  INFO 20348 --- [  restartedMain] o.s.b.d.a.OptionalLiveReloadServer       : LiveReload server is running on port 35729
2023-06-07 01:03:10.675  INFO 20348 --- [  restartedMain] o.a.c.h.Http11NioProtocol                : Starting ProtocolHandler ["http-nio-8080"]
2023-06-07 01:03:10.697  INFO 20348 --- [  restartedMain] o.s.b.w.e.t.TomcatWebServer              : Tomcat started on port(s): 8080 (http) with context path ''
2023-06-07 01:03:10.700  INFO 20348 --- [  restartedMain] o.s.m.s.b.SimpleBrokerMessageHandler     : Starting...
2023-06-07 01:03:10.700  INFO 20348 --- [  restartedMain] o.s.m.s.b.SimpleBrokerMessageHandler     : BrokerAvailabilityEvent[available=true, SimpleBrokerMessageHandler [org.springframework.messaging.simp.broker.DefaultSubscriptionRegistry@13aff16c]]
2023-06-07 01:03:10.701  INFO 20348 --- [  restartedMain] o.s.m.s.b.SimpleBrokerMessageHandler     : Started.
2023-06-07 01:03:10.713  INFO 20348 --- [  restartedMain] c.e.d.FastfoodUpApplication              : Started FastfoodUpApplication in 9.093 seconds (JVM running for 13.225)
2023-06-07 01:03:15.510  INFO 20348 --- [ionShutdownHook] o.s.m.s.b.SimpleBrokerMessageHandler     : Stopping...
2023-06-07 01:03:15.510  INFO 20348 --- [ionShutdownHook] o.s.m.s.b.SimpleBrokerMessageHandler     : BrokerAvailabilityEvent[available=false, SimpleBrokerMessageHandler [org.springframework.messaging.simp.broker.DefaultSubscriptionRegistry@13aff16c]]
2023-06-07 01:03:15.511  INFO 20348 --- [ionShutdownHook] o.s.m.s.b.SimpleBrokerMessageHandler     : Stopped.
2023-06-07 01:03:17.045  INFO 20348 --- [ionShutdownHook] j.LocalContainerEntityManagerFactoryBean : Closing JPA EntityManagerFactory for persistence unit 'default'
2023-06-07 01:03:17.050  INFO 20348 --- [ionShutdownHook] c.z.h.HikariDataSource                   : HikariPool-1 - Shutdown initiated...
2023-06-07 01:03:17.065  INFO 20348 --- [ionShutdownHook] c.z.h.HikariDataSource                   : HikariPool-1 - Shutdown completed.
2023-06-07 01:03:28.019  INFO 18060 --- [  restartedMain] c.e.d.FastfoodUpApplication              : Starting FastfoodUpApplication using Java 11.0.2 on USER with PID 18060 (D:\Project\fastfood_v2\target\classes started by Administrator in D:\Project\fastfood_v2)
2023-06-07 01:03:28.027  INFO 18060 --- [  restartedMain] c.e.d.FastfoodUpApplication              : The following profiles are active: rds,oauth
2023-06-07 01:03:28.077  INFO 18060 --- [  restartedMain] .e.DevToolsPropertyDefaultsPostProcessor : Devtools property defaults active! Set 'spring.devtools.add-properties' to 'false' to disable
2023-06-07 01:03:28.078  INFO 18060 --- [  restartedMain] .e.DevToolsPropertyDefaultsPostProcessor : For additional web related logging consider setting the 'logging.level.web' property to 'DEBUG'
2023-06-07 01:03:29.152  INFO 18060 --- [  restartedMain] .s.d.r.c.RepositoryConfigurationDelegate : Bootstrapping Spring Data JPA repositories in DEFAULT mode.
2023-06-07 01:03:29.303  INFO 18060 --- [  restartedMain] .s.d.r.c.RepositoryConfigurationDelegate : Finished Spring Data repository scanning in 142 ms. Found 16 JPA repository interfaces.
2023-06-07 01:03:30.088  INFO 18060 --- [  restartedMain] o.s.b.w.e.t.TomcatWebServer              : Tomcat initialized with port(s): 8080 (http)
2023-06-07 01:03:30.099  INFO 18060 --- [  restartedMain] o.a.c.h.Http11NioProtocol                : Initializing ProtocolHandler ["http-nio-8080"]
2023-06-07 01:03:30.099  INFO 18060 --- [  restartedMain] o.a.c.c.StandardService                  : Starting service [Tomcat]
2023-06-07 01:03:30.100  INFO 18060 --- [  restartedMain] o.a.c.c.StandardEngine                   : Starting Servlet engine: [Apache Tomcat/9.0.54]
2023-06-07 01:03:30.321  INFO 18060 --- [  restartedMain] o.a.c.c.C.[.[.[/]                        : Initializing Spring embedded WebApplicationContext
2023-06-07 01:03:30.321  INFO 18060 --- [  restartedMain] w.s.c.ServletWebServerApplicationContext : Root WebApplicationContext: initialization completed in 2242 ms
2023-06-07 01:03:30.505  INFO 18060 --- [  restartedMain] o.h.j.i.u.LogHelper                      : HHH000204: Processing PersistenceUnitInfo [name: default]
2023-06-07 01:03:30.563  INFO 18060 --- [  restartedMain] o.h.Version                              : HHH000412: Hibernate ORM core version 5.4.32.Final
2023-06-07 01:03:30.702  INFO 18060 --- [  restartedMain] o.h.a.c.Version                          : HCANN000001: Hibernate Commons Annotations {5.1.2.Final}
2023-06-07 01:03:30.809  INFO 18060 --- [  restartedMain] c.z.h.HikariDataSource                   : HikariPool-1 - Starting...
2023-06-07 01:03:31.116  INFO 18060 --- [  restartedMain] c.z.h.HikariDataSource                   : HikariPool-1 - Start completed.
2023-06-07 01:03:31.129  INFO 18060 --- [  restartedMain] o.h.d.Dialect                            : HHH000400: Using dialect: org.hibernate.dialect.MySQL5InnoDBDialect
2023-06-07 01:03:32.218  INFO 18060 --- [  restartedMain] o.h.e.t.j.p.i.JtaPlatformInitiator       : HHH000490: Using JtaPlatform implementation: [org.hibernate.engine.transaction.jta.platform.internal.NoJtaPlatform]
2023-06-07 01:03:32.229  INFO 18060 --- [  restartedMain] j.LocalContainerEntityManagerFactoryBean : Initialized JPA EntityManagerFactory for persistence unit 'default'
2023-06-07 01:03:33.659  INFO 18060 --- [  restartedMain] o.s.b.a.w.s.WelcomePageHandlerMapping    : Adding welcome page: class path resource [static/index.html]
2023-06-07 01:03:33.718  INFO 18060 --- [  restartedMain] o.s.s.w.DefaultSecurityFilterChain       : Will secure any request with [org.springframework.security.web.context.request.async.WebAsyncManagerIntegrationFilter@33f1b567, org.springframework.security.web.context.SecurityContextPersistenceFilter@6bbf35c7, org.springframework.security.web.header.HeaderWriterFilter@354eab76, org.springframework.web.filter.CorsFilter@a466e04, com.example.demo.config.auth.jwt.JwtExceptionFilter@1f3b32fc, com.example.demo.config.auth.jwt.JwtAuthenticationFilter@3a23b9db, com.example.demo.config.auth.JsonCustomLogin.filter.CustomJsonUsernamePasswordAuthenticationFilter@633b5469, org.springframework.security.web.authentication.logout.LogoutFilter@28b1d9b8, org.springframework.security.oauth2.client.web.OAuth2AuthorizationRequestRedirectFilter@1894234e, org.springframework.security.oauth2.client.web.OAuth2LoginAuthenticationFilter@11009d05, org.springframework.security.web.authentication.ui.DefaultLoginPageGeneratingFilter@2d42f83d, org.springframework.security.web.authentication.ui.DefaultLogoutPageGeneratingFilter@4c76975, org.springframework.security.web.savedrequest.RequestCacheAwareFilter@48d6cde0, org.springframework.security.web.servletapi.SecurityContextHolderAwareRequestFilter@6fdaef5f, org.springframework.security.web.authentication.AnonymousAuthenticationFilter@3dc801a7, org.springframework.security.web.session.SessionManagementFilter@64795576, org.springframework.security.web.access.ExceptionTranslationFilter@5ca87c17, org.springframework.security.web.access.intercept.FilterSecurityInterceptor@4539fd19]
2023-06-07 01:03:34.031  INFO 18060 --- [  restartedMain] o.s.b.d.a.OptionalLiveReloadServer       : LiveReload server is running on port 35729
2023-06-07 01:03:34.053  INFO 18060 --- [  restartedMain] o.a.c.h.Http11NioProtocol                : Starting ProtocolHandler ["http-nio-8080"]
2023-06-07 01:03:34.074  INFO 18060 --- [  restartedMain] o.s.b.w.e.t.TomcatWebServer              : Tomcat started on port(s): 8080 (http) with context path ''
2023-06-07 01:03:34.076  INFO 18060 --- [  restartedMain] o.s.m.s.b.SimpleBrokerMessageHandler     : Starting...
2023-06-07 01:03:34.077  INFO 18060 --- [  restartedMain] o.s.m.s.b.SimpleBrokerMessageHandler     : BrokerAvailabilityEvent[available=true, SimpleBrokerMessageHandler [org.springframework.messaging.simp.broker.DefaultSubscriptionRegistry@7f0a0780]]
2023-06-07 01:03:34.077  INFO 18060 --- [  restartedMain] o.s.m.s.b.SimpleBrokerMessageHandler     : Started.
2023-06-07 01:03:34.087  INFO 18060 --- [  restartedMain] c.e.d.FastfoodUpApplication              : Started FastfoodUpApplication in 6.51 seconds (JVM running for 10.307)
2023-06-07 01:03:38.609  INFO 18060 --- [nio-8080-exec-1] o.a.c.c.C.[.[.[/]                        : Initializing Spring DispatcherServlet 'dispatcherServlet'
2023-06-07 01:03:38.610  INFO 18060 --- [nio-8080-exec-1] o.s.w.s.DispatcherServlet                : Initializing Servlet 'dispatcherServlet'
2023-06-07 01:03:38.612  INFO 18060 --- [nio-8080-exec-1] o.s.w.s.DispatcherServlet                : Completed initialization in 1 ms
2023-06-07 01:03:38.655  INFO 18060 --- [nio-8080-exec-1] c.e.d.C.P.CustomerController             : 로그인 페이지
2023-06-07 01:04:00.594  INFO 18060 --- [nio-8080-exec-8] JsonUsernamePasswordAuthenticationFilter : 로그인 커스텀 필터 시작!
2023-06-07 01:04:00.630  INFO 18060 --- [nio-8080-exec-8] JsonUsernamePasswordAuthenticationFilter : userId : dico27601
2023-06-07 01:04:00.631  INFO 18060 --- [nio-8080-exec-8] JsonUsernamePasswordAuthenticationFilter : userPasswd : adasd
2023-06-07 01:04:00.632  INFO 18060 --- [nio-8080-exec-8] c.e.d.c.a.J.S.CustomLoginService         : loadUserByUsername 실행
2023-06-07 01:04:00.687 ERROR 18060 --- [nio-8080-exec-8] o.a.c.c.C.[.[.[.[dispatcherServlet]      : Servlet.service() for servlet [dispatcherServlet] in context with path [] threw exception
java.lang.RuntimeException: Customer not found
	at com.example.demo.config.auth.JsonCustomLogin.Service.CustomLoginService.loadUserByUsername(CustomLoginService.java:30)
	at com.example.demo.config.auth.JsonCustomLogin.Manager.CustomAuthenticationManager.authenticate(CustomAuthenticationManager.java:34)
	at com.example.demo.config.auth.JsonCustomLogin.filter.CustomJsonUsernamePasswordAuthenticationFilter.attemptAuthentication(CustomJsonUsernamePasswordAuthenticationFilter.java:79)
	at org.springframework.security.web.authentication.AbstractAuthenticationProcessingFilter.doFilter(AbstractAuthenticationProcessingFilter.java:222)
	at org.springframework.security.web.authentication.AbstractAuthenticationProcessingFilter.doFilter(AbstractAuthenticationProcessingFilter.java:212)
	at org.springframework.security.web.FilterChainProxy$VirtualFilterChain.doFilter(FilterChainProxy.java:336)
	at com.example.demo.config.auth.jwt.JwtAuthenticationFilter.doFilterInternal(JwtAuthenticationFilter.java:41)
	at org.springframework.web.filter.OncePerRequestFilter.doFilter(OncePerRequestFilter.java:119)
	at org.springframework.security.web.FilterChainProxy$VirtualFilterChain.doFilter(FilterChainProxy.java:336)
	at com.example.demo.config.auth.jwt.JwtExceptionFilter.doFilterInternal(JwtExceptionFilter.java:19)
	at org.springframework.web.filter.OncePerRequestFilter.doFilter(OncePerRequestFilter.java:119)
	at org.springframework.security.web.FilterChainProxy$VirtualFilterChain.doFilter(FilterChainProxy.java:336)
	at org.springframework.web.filter.CorsFilter.doFilterInternal(CorsFilter.java:91)
	at org.springframework.web.filter.OncePerRequestFilter.doFilter(OncePerRequestFilter.java:119)
	at org.springframework.security.web.FilterChainProxy$VirtualFilterChain.doFilter(FilterChainProxy.java:336)
	at org.springframework.security.web.header.HeaderWriterFilter.doHeadersAfter(HeaderWriterFilter.java:90)
	at org.springframework.security.web.header.HeaderWriterFilter.doFilterInternal(HeaderWriterFilter.java:75)
	at org.springframework.web.filter.OncePerRequestFilter.doFilter(OncePerRequestFilter.java:119)
	at org.springframework.security.web.FilterChainProxy$VirtualFilterChain.doFilter(FilterChainProxy.java:336)
	at org.springframework.security.web.context.SecurityContextPersistenceFilter.doFilter(SecurityContextPersistenceFilter.java:110)
	at org.springframework.security.web.context.SecurityContextPersistenceFilter.doFilter(SecurityContextPersistenceFilter.java:80)
	at org.springframework.security.web.FilterChainProxy$VirtualFilterChain.doFilter(FilterChainProxy.java:336)
	at org.springframework.security.web.context.request.async.WebAsyncManagerIntegrationFilter.doFilterInternal(WebAsyncManagerIntegrationFilter.java:55)
	at org.springframework.web.filter.OncePerRequestFilter.doFilter(OncePerRequestFilter.java:119)
	at org.springframework.security.web.FilterChainProxy$VirtualFilterChain.doFilter(FilterChainProxy.java:336)
	at org.springframework.security.web.FilterChainProxy.doFilterInternal(FilterChainProxy.java:211)
	at org.springframework.security.web.FilterChainProxy.doFilter(FilterChainProxy.java:183)
	at org.springframework.web.filter.DelegatingFilterProxy.invokeDelegate(DelegatingFilterProxy.java:358)
	at org.springframework.web.filter.DelegatingFilterProxy.doFilter(DelegatingFilterProxy.java:271)
	at org.apache.catalina.core.ApplicationFilterChain.internalDoFilter(ApplicationFilterChain.java:189)
	at org.apache.catalina.core.ApplicationFilterChain.doFilter(ApplicationFilterChain.java:162)
	at org.springframework.web.filter.RequestContextFilter.doFilterInternal(RequestContextFilter.java:100)
	at org.springframework.web.filter.OncePerRequestFilter.doFilter(OncePerRequestFilter.java:119)
	at org.apache.catalina.core.ApplicationFilterChain.internalDoFilter(ApplicationFilterChain.java:189)
	at org.apache.catalina.core.ApplicationFilterChain.doFilter(ApplicationFilterChain.java:162)
	at org.springframework.web.filter.FormContentFilter.doFilterInternal(FormContentFilter.java:93)
	at org.springframework.web.filter.OncePerRequestFilter.doFilter(OncePerRequestFilter.java:119)
	at org.apache.catalina.core.ApplicationFilterChain.internalDoFilter(ApplicationFilterChain.java:189)
	at org.apache.catalina.core.ApplicationFilterChain.doFilter(ApplicationFilterChain.java:162)
	at org.springframework.web.filter.CharacterEncodingFilter.doFilterInternal(CharacterEncodingFilter.java:201)
	at org.springframework.web.filter.OncePerRequestFilter.doFilter(OncePerRequestFilter.java:119)
	at org.apache.catalina.core.ApplicationFilterChain.internalDoFilter(ApplicationFilterChain.java:189)
	at org.apache.catalina.core.ApplicationFilterChain.doFilter(ApplicationFilterChain.java:162)
	at org.apache.catalina.core.StandardWrapperValve.invoke(StandardWrapperValve.java:197)
	at org.apache.catalina.core.StandardContextValve.invoke(StandardContextValve.java:97)
	at org.apache.catalina.authenticator.AuthenticatorBase.invoke(AuthenticatorBase.java:540)
	at org.apache.catalina.core.StandardHostValve.invoke(StandardHostValve.java:135)
	at org.apache.catalina.valves.ErrorReportValve.invoke(ErrorReportValve.java:92)
	at org.apache.catalina.core.StandardEngineValve.invoke(StandardEngineValve.java:78)
	at org.apache.catalina.connector.CoyoteAdapter.service(CoyoteAdapter.java:357)
	at org.apache.coyote.http11.Http11Processor.service(Http11Processor.java:382)
	at org.apache.coyote.AbstractProcessorLight.process(AbstractProcessorLight.java:65)
	at org.apache.coyote.AbstractProtocol$ConnectionHandler.process(AbstractProtocol.java:895)
	at org.apache.tomcat.util.net.NioEndpoint$SocketProcessor.doRun(NioEndpoint.java:1722)
	at org.apache.tomcat.util.net.SocketProcessorBase.run(SocketProcessorBase.java:49)
	at org.apache.tomcat.util.threads.ThreadPoolExecutor.runWorker(ThreadPoolExecutor.java:1191)
	at org.apache.tomcat.util.threads.ThreadPoolExecutor$Worker.run(ThreadPoolExecutor.java:659)
	at org.apache.tomcat.util.threads.TaskThread$WrappingRunnable.run(TaskThread.java:61)
	at java.base/java.lang.Thread.run(Thread.java:834)
2023-06-07 01:04:33.360  INFO 18060 --- [MessageBroker-1] o.s.w.s.c.WebSocketMessageBrokerStats    : WebSocketSession[0 current WS(0)-HttpStream(0)-HttpPoll(0), 0 total, 0 closed abnormally (0 connect failure, 0 send limit, 0 transport error)], stompSubProtocol[processed CONNECT(0)-CONNECTED(0)-DISCONNECT(0)], stompBrokerRelay[null], inboundChannel[pool size = 0, active threads = 0, queued tasks = 0, completed tasks = 0], outboundChannel[pool size = 0, active threads = 0, queued tasks = 0, completed tasks = 0], sockJsScheduler[pool size = 1, active threads = 1, queued tasks = 0, completed tasks = 0]
2023-06-07 01:06:35.033  INFO 18060 --- [ionShutdownHook] o.s.m.s.b.SimpleBrokerMessageHandler     : Stopping...
2023-06-07 01:06:35.034  INFO 18060 --- [ionShutdownHook] o.s.m.s.b.SimpleBrokerMessageHandler     : BrokerAvailabilityEvent[available=false, SimpleBrokerMessageHandler [org.springframework.messaging.simp.broker.DefaultSubscriptionRegistry@7f0a0780]]
2023-06-07 01:06:35.034  INFO 18060 --- [ionShutdownHook] o.s.m.s.b.SimpleBrokerMessageHandler     : Stopped.
2023-06-07 01:06:36.652  INFO 18060 --- [ionShutdownHook] j.LocalContainerEntityManagerFactoryBean : Closing JPA EntityManagerFactory for persistence unit 'default'
2023-06-07 01:06:36.656  INFO 18060 --- [ionShutdownHook] c.z.h.HikariDataSource                   : HikariPool-1 - Shutdown initiated...
2023-06-07 01:06:36.671  INFO 18060 --- [ionShutdownHook] c.z.h.HikariDataSource                   : HikariPool-1 - Shutdown completed.
2023-06-07 01:06:50.986  INFO 16692 --- [  restartedMain] c.e.d.FastfoodUpApplication              : Starting FastfoodUpApplication using Java 11.0.2 on USER with PID 16692 (D:\Project\fastfood_v2\target\classes started by Administrator in D:\Project\fastfood_v2)
2023-06-07 01:06:50.995  INFO 16692 --- [  restartedMain] c.e.d.FastfoodUpApplication              : The following profiles are active: rds,oauth
2023-06-07 01:06:51.041  INFO 16692 --- [  restartedMain] .e.DevToolsPropertyDefaultsPostProcessor : Devtools property defaults active! Set 'spring.devtools.add-properties' to 'false' to disable
2023-06-07 01:06:51.041  INFO 16692 --- [  restartedMain] .e.DevToolsPropertyDefaultsPostProcessor : For additional web related logging consider setting the 'logging.level.web' property to 'DEBUG'
2023-06-07 01:06:53.343  INFO 16692 --- [  restartedMain] .s.d.r.c.RepositoryConfigurationDelegate : Bootstrapping Spring Data JPA repositories in DEFAULT mode.
2023-06-07 01:06:53.593  INFO 16692 --- [  restartedMain] .s.d.r.c.RepositoryConfigurationDelegate : Finished Spring Data repository scanning in 239 ms. Found 16 JPA repository interfaces.
2023-06-07 01:06:54.606  INFO 16692 --- [  restartedMain] o.s.b.w.e.t.TomcatWebServer              : Tomcat initialized with port(s): 8080 (http)
2023-06-07 01:06:54.615  INFO 16692 --- [  restartedMain] o.a.c.h.Http11NioProtocol                : Initializing ProtocolHandler ["http-nio-8080"]
2023-06-07 01:06:54.616  INFO 16692 --- [  restartedMain] o.a.c.c.StandardService                  : Starting service [Tomcat]
2023-06-07 01:06:54.617  INFO 16692 --- [  restartedMain] o.a.c.c.StandardEngine                   : Starting Servlet engine: [Apache Tomcat/9.0.54]
2023-06-07 01:06:54.856  INFO 16692 --- [  restartedMain] o.a.c.c.C.[.[.[/]                        : Initializing Spring embedded WebApplicationContext
2023-06-07 01:06:54.857  INFO 16692 --- [  restartedMain] w.s.c.ServletWebServerApplicationContext : Root WebApplicationContext: initialization completed in 3815 ms
2023-06-07 01:06:55.057  INFO 16692 --- [  restartedMain] o.h.j.i.u.LogHelper                      : HHH000204: Processing PersistenceUnitInfo [name: default]
2023-06-07 01:06:55.121  INFO 16692 --- [  restartedMain] o.h.Version                              : HHH000412: Hibernate ORM core version 5.4.32.Final
2023-06-07 01:06:55.283  INFO 16692 --- [  restartedMain] o.h.a.c.Version                          : HCANN000001: Hibernate Commons Annotations {5.1.2.Final}
2023-06-07 01:06:55.424  INFO 16692 --- [  restartedMain] c.z.h.HikariDataSource                   : HikariPool-1 - Starting...
2023-06-07 01:06:55.820  INFO 16692 --- [  restartedMain] c.z.h.HikariDataSource                   : HikariPool-1 - Start completed.
2023-06-07 01:06:55.835  INFO 16692 --- [  restartedMain] o.h.d.Dialect                            : HHH000400: Using dialect: org.hibernate.dialect.MySQL5InnoDBDialect
2023-06-07 01:06:57.000  INFO 16692 --- [  restartedMain] o.h.e.t.j.p.i.JtaPlatformInitiator       : HHH000490: Using JtaPlatform implementation: [org.hibernate.engine.transaction.jta.platform.internal.NoJtaPlatform]
2023-06-07 01:06:57.011  INFO 16692 --- [  restartedMain] j.LocalContainerEntityManagerFactoryBean : Initialized JPA EntityManagerFactory for persistence unit 'default'
2023-06-07 01:06:58.603  INFO 16692 --- [  restartedMain] o.s.b.a.w.s.WelcomePageHandlerMapping    : Adding welcome page: class path resource [static/index.html]
2023-06-07 01:06:58.668  INFO 16692 --- [  restartedMain] o.s.s.w.DefaultSecurityFilterChain       : Will secure any request with [org.springframework.security.web.context.request.async.WebAsyncManagerIntegrationFilter@13a3f7, org.springframework.security.web.context.SecurityContextPersistenceFilter@75c48fcf, org.springframework.security.web.header.HeaderWriterFilter@5bafdcca, org.springframework.web.filter.CorsFilter@7c317126, com.example.demo.config.auth.jwt.JwtExceptionFilter@5abc91a9, com.example.demo.config.auth.jwt.JwtAuthenticationFilter@5533a05a, com.example.demo.config.auth.JsonCustomLogin.filter.CustomJsonUsernamePasswordAuthenticationFilter@4ffab8b3, org.springframework.security.web.authentication.logout.LogoutFilter@77ec19f, org.springframework.security.oauth2.client.web.OAuth2AuthorizationRequestRedirectFilter@1ffc745f, org.springframework.security.oauth2.client.web.OAuth2LoginAuthenticationFilter@4b4daccd, org.springframework.security.web.authentication.ui.DefaultLoginPageGeneratingFilter@65f12338, org.springframework.security.web.authentication.ui.DefaultLogoutPageGeneratingFilter@48a2ad10, org.springframework.security.web.savedrequest.RequestCacheAwareFilter@7407e74a, org.springframework.security.web.servletapi.SecurityContextHolderAwareRequestFilter@83b77, org.springframework.security.web.authentication.AnonymousAuthenticationFilter@3fed5d63, org.springframework.security.web.session.SessionManagementFilter@6d7a08ce, org.springframework.security.web.access.ExceptionTranslationFilter@76b5d8d2, org.springframework.security.web.access.intercept.FilterSecurityInterceptor@7e921641]
2023-06-07 01:06:59.002  INFO 16692 --- [  restartedMain] o.s.b.d.a.OptionalLiveReloadServer       : LiveReload server is running on port 35729
2023-06-07 01:06:59.027  INFO 16692 --- [  restartedMain] o.a.c.h.Http11NioProtocol                : Starting ProtocolHandler ["http-nio-8080"]
2023-06-07 01:06:59.046  INFO 16692 --- [  restartedMain] o.s.b.w.e.t.TomcatWebServer              : Tomcat started on port(s): 8080 (http) with context path ''
2023-06-07 01:06:59.049  INFO 16692 --- [  restartedMain] o.s.m.s.b.SimpleBrokerMessageHandler     : Starting...
2023-06-07 01:06:59.049  INFO 16692 --- [  restartedMain] o.s.m.s.b.SimpleBrokerMessageHandler     : BrokerAvailabilityEvent[available=true, SimpleBrokerMessageHandler [org.springframework.messaging.simp.broker.DefaultSubscriptionRegistry@66cb04d4]]
2023-06-07 01:06:59.049  INFO 16692 --- [  restartedMain] o.s.m.s.b.SimpleBrokerMessageHandler     : Started.
2023-06-07 01:06:59.059  INFO 16692 --- [  restartedMain] c.e.d.FastfoodUpApplication              : Started FastfoodUpApplication in 8.54 seconds (JVM running for 12.786)
2023-06-07 01:07:01.632  INFO 16692 --- [nio-8080-exec-1] o.a.c.c.C.[.[.[/]                        : Initializing Spring DispatcherServlet 'dispatcherServlet'
2023-06-07 01:07:01.633  INFO 16692 --- [nio-8080-exec-1] o.s.w.s.DispatcherServlet                : Initializing Servlet 'dispatcherServlet'
2023-06-07 01:07:01.640  INFO 16692 --- [nio-8080-exec-1] o.s.w.s.DispatcherServlet                : Completed initialization in 5 ms
2023-06-07 01:07:01.715  INFO 16692 --- [nio-8080-exec-1] c.e.d.C.P.CustomerController             : 로그인 페이지
2023-06-07 01:07:05.840  INFO 16692 --- [nio-8080-exec-8] JsonUsernamePasswordAuthenticationFilter : 로그인 커스텀 필터 시작!
2023-06-07 01:07:05.870  INFO 16692 --- [nio-8080-exec-8] JsonUsernamePasswordAuthenticationFilter : userId : dasdwqd
2023-06-07 01:07:05.870  INFO 16692 --- [nio-8080-exec-8] JsonUsernamePasswordAuthenticationFilter : userPasswd : asdasd
2023-06-07 01:07:05.871  INFO 16692 --- [nio-8080-exec-8] c.e.d.c.a.J.S.CustomLoginService         : loadUserByUsername 실행
2023-06-07 01:07:05.919  INFO 16692 --- [nio-8080-exec-8] c.e.d.c.a.J.h.LoginFailureHandler        : 로그인 실패 핸들러! org.springframework.security.core.userdetails.UsernameNotFoundException: 해당 유저는 없습니다.
2023-06-07 01:07:58.257  INFO 16692 --- [MessageBroker-1] o.s.w.s.c.WebSocketMessageBrokerStats    : WebSocketSession[0 current WS(0)-HttpStream(0)-HttpPoll(0), 0 total, 0 closed abnormally (0 connect failure, 0 send limit, 0 transport error)], stompSubProtocol[processed CONNECT(0)-CONNECTED(0)-DISCONNECT(0)], stompBrokerRelay[null], inboundChannel[pool size = 0, active threads = 0, queued tasks = 0, completed tasks = 0], outboundChannel[pool size = 0, active threads = 0, queued tasks = 0, completed tasks = 0], sockJsScheduler[pool size = 1, active threads = 1, queued tasks = 0, completed tasks = 0]
2023-06-07 01:08:51.487  INFO 16692 --- [ionShutdownHook] o.s.m.s.b.SimpleBrokerMessageHandler     : Stopping...
2023-06-07 01:08:51.487  INFO 16692 --- [ionShutdownHook] o.s.m.s.b.SimpleBrokerMessageHandler     : BrokerAvailabilityEvent[available=false, SimpleBrokerMessageHandler [org.springframework.messaging.simp.broker.DefaultSubscriptionRegistry@66cb04d4]]
2023-06-07 01:08:51.487  INFO 16692 --- [ionShutdownHook] o.s.m.s.b.SimpleBrokerMessageHandler     : Stopped.
